#
# A fatal error has been detected by the Java Runtime Environment:
#
#  SIGSEGV (0xb) at pc=0x000000012cc2f264, pid=11657, tid=0x0000000000012617
#
# JRE version: OpenJDK Runtime Environment (8.0_112-b06) (build 1.8.0_112-release-b06)
# Java VM: OpenJDK 64-Bit Server VM (25.112-b06 mixed mode bsd-amd64 compressed oops)
# Problematic frame:
# C  [libgdx-box2d64.dylib+0xa264]  b2BlockAllocator::Allocate(int)+0x64
#
# Failed to write core dump. Core dumps have been disabled. To enable core dumping, try "ulimit -c unlimited" before starting Java again
#
# If you would like to submit a bug report, please visit:
#   http://bugreport.java.com/bugreport/crash.jsp
# The crash happened outside the Java Virtual Machine in native code.
# See problematic frame for where to report the bug.
#

---------------  T H R E A D  ---------------

Current thread (0x00007fcb22959800):  JavaThread "LWJGL Application" [_thread_in_native, id=75287, stack(0x000070000a44f000,0x000070000a54f000)]

siginfo: si_signo: 11 (SIGSEGV), si_code: 1 (SEGV_MAPERR), si_addr: 0x00007feb20ad0200

Registers:
RAX=0x00007feb20ad0200, RBX=0x000000012c773a78, RCX=0x000000012cc58f20, RDX=0x00007fcb229d6800
RSP=0x000070000a54e0a0, RBP=0x000070000a54e0e0, RSI=0x00000000000000b8, RDI=0x00007fcb229d6800
R8 =0x0000000000000001, R9 =0x0000000000000001, R10=0x000000010cd05708, R11=0x00000001086b43f3
R12=0x00007fcb229d6800, R13=0x000000012c773a78, R14=0x00007fcb229d6800, R15=0x0000000000000006
RIP=0x000000012cc2f264, EFLAGS=0x0000000000010206, ERR=0x0000000000000004
  TRAPNO=0x000000000000000e

Top of Stack: (sp=0x000070000a54e0a0)
0x000070000a54e0a0:   00007fcb22959800 000000012c773a78
0x000070000a54e0b0:   000000012c773a78 000000012c773a78
0x000070000a54e0c0:   0000000000000000 000000012c773a78
0x000070000a54e0d0:   00007fcb229d6800 000070000a54e120
0x000070000a54e0e0:   000070000a54e110 000000012cc43a77
0x000070000a54e0f0:   0000000000000002 000000012c773a78
0x000070000a54e100:   000070000a54e2f0 00007fcb22959800
0x000070000a54e110:   000070000a54e160 000000012cc497ae
0x000070000a54e120:   4189999a00000002 000000003f6147ae
0x000070000a54e130:   0000000000000000 0000000000000000
0x000070000a54e140:   0000010100000000 0000000000000001
0x000070000a54e150:   0000000000000000 000000003f800000
0x000070000a54e160:   000070000a54e248 000000010cd05734
0x000070000a54e170:   0000000000000000 0000000000000000
0x000070000a54e180:   0000000000000001 000000003f800000
0x000070000a54e190:   abb18ad06ce20014 0000000000000028
0x000070000a54e1a0:   0000000001000024 0000028400000481
0x000070000a54e1b0:   0000028400000481 0000000100000300
0x000070000a54e1c0:   000000007759fac0 0000000001000c40
0x000070000a54e1d0:   0000000400001080 0000000000000000
0x000070000a54e1e0:   0000000100000000 0000000000000001
0x000070000a54e1f0:   0000000000000000 0000000000000000
0x000070000a54e200:   000070000a54e310 000070000a54e208
0x000070000a54e210:   000000012c773a78 000070000a54e2f0
0x000070000a54e220:   000000012c785228 0000000000000000
0x000070000a54e230:   000000012c773a78 0000000000000000
0x000070000a54e240:   000070000a54e268 000070000a54e338
0x000070000a54e250:   000000010ccf5b10 0000000000000000
0x000070000a54e260:   000000010ccff277 000000003f800000
0x000070000a54e270:   0000000000000001 0000000000000000
0x000070000a54e280:   0000000000000000 0000000000000001
0x000070000a54e290:   0000000000000001 0000700000000000 

Instructions: (pc=0x000000012cc2f264)
0x000000012cc2f244:   48 8d 0d d5 9c 02 00 44 0f b6 3c 08 49 83 ff 0e
0x000000012cc2f254:   0f 83 c3 01 00 00 4b 8b 44 fc 10 48 85 c0 74 0d
0x000000012cc2f264:   48 8b 08 4b 89 4c fc 10 e9 7e 01 00 00 49 8b 7c
0x000000012cc2f274:   24 08 48 89 f8 48 c1 e8 20 39 c7 75 52 4d 8b 34 

Register to memory mapping:

RAX=0x00007feb20ad0200 is an unknown value
RBX={method} {0x000000012c773a78} 'jniCreateBody' '(JIFFFFFFFFZZZZZF)J' in 'com/badlogic/gdx/physics/box2d/World'
RCX=0x000000012cc58f20: _ZN16b2BlockAllocator17s_blockSizeLookupE+0 in /private/var/folders/3w/dxbkwtlx42n8nfdgg3l362qr0000gn/T/libgdxinehemias/c9d6d90c/libgdx-box2d64.dylib at 0x000000012cc25000
RDX=0x00007fcb229d6800 is an unknown value
RSP=0x000070000a54e0a0 is pointing into the stack for thread: 0x00007fcb22959800
RBP=0x000070000a54e0e0 is pointing into the stack for thread: 0x00007fcb22959800
RSI=0x00000000000000b8 is an unknown value
RDI=0x00007fcb229d6800 is an unknown value
R8 =0x0000000000000001 is an unknown value
R9 =0x0000000000000001 is an unknown value
R10=0x000000010cd05708 is at code_begin+808 in an Interpreter codelet
method entry point (kind = native)  [0x000000010cd053e0, 0x000000010cd05ce0]  2304 bytes
R11=0x00000001086b43f3: throw_unsatisfied_link_error+0 in /Applications/Android Studio.app/Contents/jre/jdk/Contents/Home/jre/lib/server/libjvm.dylib at 0x0000000108200000
R12=0x00007fcb229d6800 is an unknown value
R13={method} {0x000000012c773a78} 'jniCreateBody' '(JIFFFFFFFFZZZZZF)J' in 'com/badlogic/gdx/physics/box2d/World'
R14=0x00007fcb229d6800 is an unknown value
R15=0x0000000000000006 is an unknown value


Stack: [0x000070000a44f000,0x000070000a54f000],  sp=0x000070000a54e0a0,  free space=1020k
Native frames: (J=compiled Java code, j=interpreted, Vv=VM code, C=native code)
C  [libgdx-box2d64.dylib+0xa264]  b2BlockAllocator::Allocate(int)+0x64
C  [libgdx-box2d64.dylib+0x1ea77]  b2World::CreateBody(b2BodyDef const*)+0x27
C  [libgdx-box2d64.dylib+0x247ae]  Java_com_badlogic_gdx_physics_box2d_World_jniCreateBody+0x9e
j  com.badlogic.gdx.physics.box2d.World.jniCreateBody(JIFFFFFFFFZZZZZF)J+0
j  com.badlogic.gdx.physics.box2d.World.createBody(Lcom/badlogic/gdx/physics/box2d/BodyDef;)Lcom/badlogic/gdx/physics/box2d/Body;+80
j  com.javasquad.game.Sprites.Items.Mushroom.defineItem()V+37
j  com.javasquad.game.Sprites.Items.Item.<init>(Lcom/javasquad/game/Screens/PlayScreen;FF)V+50
j  com.javasquad.game.Sprites.Items.Mushroom.<init>(Lcom/javasquad/game/Screens/PlayScreen;FF)V+4
J 1254 C1 com.javasquad.game.Screens.PlayScreen.handleSpawningItems()V (60 bytes) @ 0x000000010d153014 [0x000000010d152b60+0x4b4]
J 1203 C1 com.javasquad.game.Screens.PlayScreen.update(F)V (178 bytes) @ 0x000000010d12cea4 [0x000000010d12cdc0+0xe4]
J 1204 C1 com.javasquad.game.Screens.PlayScreen.render(F)V (223 bytes) @ 0x000000010d12febc [0x000000010d12fe20+0x9c]
J 1303 C1 com.javasquad.game.MarioBros.render()V (5 bytes) @ 0x000000010d18a924 [0x000000010d18a760+0x1c4]
j  com.badlogic.gdx.backends.lwjgl.LwjglApplication.mainLoop()V+698
j  com.badlogic.gdx.backends.lwjgl.LwjglApplication$1.run()V+27
v  ~StubRoutines::call_stub
V  [libjvm.dylib+0x2df89a]  JavaCalls::call_helper(JavaValue*, methodHandle*, JavaCallArguments*, Thread*)+0x6ae
V  [libjvm.dylib+0x2e0028]  JavaCalls::call_virtual(JavaValue*, KlassHandle, Symbol*, Symbol*, JavaCallArguments*, Thread*)+0x164
V  [libjvm.dylib+0x2e01d4]  JavaCalls::call_virtual(JavaValue*, Handle, KlassHandle, Symbol*, Symbol*, Thread*)+0x4a
V  [libjvm.dylib+0x31dbd6]  thread_entry(JavaThread*, Thread*)+0x7c
V  [libjvm.dylib+0x53912d]  JavaThread::thread_main_inner()+0x9b
V  [libjvm.dylib+0x53a7e4]  JavaThread::run()+0x1c0
V  [libjvm.dylib+0x45bf0a]  java_start(Thread*)+0xf6
C  [libsystem_pthread.dylib+0x39af]  _pthread_body+0xb4
C  [libsystem_pthread.dylib+0x38fb]  _pthread_body+0x0
C  [libsystem_pthread.dylib+0x3101]  thread_start+0xd
C  0x0000000000000000

Java frames: (J=compiled Java code, j=interpreted, Vv=VM code)
j  com.badlogic.gdx.physics.box2d.World.jniCreateBody(JIFFFFFFFFZZZZZF)J+0
j  com.badlogic.gdx.physics.box2d.World.createBody(Lcom/badlogic/gdx/physics/box2d/BodyDef;)Lcom/badlogic/gdx/physics/box2d/Body;+80
j  com.javasquad.game.Sprites.Items.Mushroom.defineItem()V+37
j  com.javasquad.game.Sprites.Items.Item.<init>(Lcom/javasquad/game/Screens/PlayScreen;FF)V+50
j  com.javasquad.game.Sprites.Items.Mushroom.<init>(Lcom/javasquad/game/Screens/PlayScreen;FF)V+4
J 1254 C1 com.javasquad.game.Screens.PlayScreen.handleSpawningItems()V (60 bytes) @ 0x000000010d153014 [0x000000010d152b60+0x4b4]
J 1203 C1 com.javasquad.game.Screens.PlayScreen.update(F)V (178 bytes) @ 0x000000010d12cea4 [0x000000010d12cdc0+0xe4]
J 1204 C1 com.javasquad.game.Screens.PlayScreen.render(F)V (223 bytes) @ 0x000000010d12febc [0x000000010d12fe20+0x9c]
J 1303 C1 com.javasquad.game.MarioBros.render()V (5 bytes) @ 0x000000010d18a924 [0x000000010d18a760+0x1c4]
j  com.badlogic.gdx.backends.lwjgl.LwjglApplication.mainLoop()V+698
j  com.badlogic.gdx.backends.lwjgl.LwjglApplication$1.run()V+27
v  ~StubRoutines::call_stub

---------------  P R O C E S S  ---------------

Java Threads: ( => current thread )
  0x00007fcb21219000 JavaThread "AWT-Shutdown" [_thread_blocked, id=32527, stack(0x0000700009fb7000,0x000070000a0b7000)]
  0x00007fcb21256000 JavaThread "AsynchExecutor-Thread" daemon [_thread_blocked, id=87103, stack(0x000070000a552000,0x000070000a652000)]
  0x00007fcb2207b800 JavaThread "DestroyJavaVM" [_thread_blocked, id=7171, stack(0x0000700008b7b000,0x0000700008c7b000)]
=>0x00007fcb22959800 JavaThread "LWJGL Application" [_thread_in_native, id=75287, stack(0x000070000a44f000,0x000070000a54f000)]
  0x00007fcb22080000 JavaThread "AppKit Thread" daemon [_thread_in_native, id=775, stack(0x00007fff5830a000,0x00007fff58b0a000)]
  0x00007fcb21111000 JavaThread "Monitor Ctrl-Break" daemon [_thread_in_native, id=22019, stack(0x0000700009eb4000,0x0000700009fb4000)]
  0x00007fcb21078800 JavaThread "Service Thread" daemon [_thread_blocked, id=20995, stack(0x0000700009cae000,0x0000700009dae000)]
  0x00007fcb2201e800 JavaThread "C1 CompilerThread3" daemon [_thread_blocked, id=20483, stack(0x0000700009bab000,0x0000700009cab000)]
  0x00007fcb22825800 JavaThread "C2 CompilerThread2" daemon [_thread_blocked, id=19971, stack(0x0000700009aa8000,0x0000700009ba8000)]
  0x00007fcb21027800 JavaThread "C2 CompilerThread1" daemon [_thread_blocked, id=19459, stack(0x00007000099a5000,0x0000700009aa5000)]
  0x00007fcb21001800 JavaThread "C2 CompilerThread0" daemon [_thread_blocked, id=18947, stack(0x00007000098a2000,0x00007000099a2000)]
  0x00007fcb20825800 JavaThread "Signal Dispatcher" daemon [_thread_blocked, id=18435, stack(0x000070000979f000,0x000070000989f000)]
  0x00007fcb22014800 JavaThread "Finalizer" daemon [_thread_blocked, id=14595, stack(0x000070000969c000,0x000070000979c000)]
  0x00007fcb22839000 JavaThread "Reference Handler" daemon [_thread_blocked, id=14083, stack(0x0000700009599000,0x0000700009699000)]

Other Threads:
  0x00007fcb22012000 VMThread [stack: 0x0000700009496000,0x0000700009596000] [id=13571]
  0x00007fcb21002800 WatcherThread [stack: 0x0000700009db1000,0x0000700009eb1000] [id=21507]

VM state:not at safepoint (normal execution)

VM Mutex/Monitor currently owned by a thread: None

Heap:
 PSYoungGen      total 76288K, used 38043K [0x000000076ab00000, 0x0000000770000000, 0x00000007c0000000)
  eden space 65536K, 58% used [0x000000076ab00000,0x000000076d026d20,0x000000076eb00000)
  from space 10752K, 0% used [0x000000076f580000,0x000000076f580000,0x0000000770000000)
  to   space 10752K, 0% used [0x000000076eb00000,0x000000076eb00000,0x000000076f580000)
 ParOldGen       total 175104K, used 0K [0x00000006c0000000, 0x00000006cab00000, 0x000000076ab00000)
  object space 175104K, 0% used [0x00000006c0000000,0x00000006c0000000,0x00000006cab00000)
 Metaspace       used 10139K, capacity 10275K, committed 10624K, reserved 1058816K
  class space    used 968K, capacity 1048K, committed 1152K, reserved 1048576K

Card table byte_map: [0x000000010916f000,0x0000000109970000] byte_map_base: 0x0000000105b6f000

Marking Bits: (ParMarkBitMap*) 0x0000000108a8bed0
 Begin Bits: [0x000000011bcee000, 0x000000011fcee000)
 End Bits:   [0x000000011fcee000, 0x0000000123cee000)

Polling page: 0x00000001071b2000

CodeCache: size=245760Kb used=5075Kb max_used=5075Kb free=240684Kb
 bounds [0x000000010ccee000, 0x000000010d1ee000, 0x000000011bcee000]
 total_blobs=1877 nmethods=1381 adapters=411
 compilation: enabled

Compilation events (10 events):
Event: 27.992 Thread 0x00007fcb2201e800 1377       1       com.badlogic.gdx.scenes.scene2d.Actor::getWidth (5 bytes)
Event: 27.992 Thread 0x00007fcb2201e800 nmethod 1377 0x000000010d1e6690 code [0x000000010d1e67e0, 0x000000010d1e68f0]
Event: 27.992 Thread 0x00007fcb2201e800 1378       1       com.badlogic.gdx.scenes.scene2d.Actor::getHeight (5 bytes)
Event: 27.992 Thread 0x00007fcb2201e800 nmethod 1378 0x000000010d1e6950 code [0x000000010d1e6aa0, 0x000000010d1e6bb0]
Event: 28.791 Thread 0x00007fcb2201e800 1379       3       com.badlogic.gdx.utils.Pool::free (60 bytes)
Event: 28.792 Thread 0x00007fcb2201e800 nmethod 1379 0x000000010d1e6c10 code [0x000000010d1e6de0, 0x000000010d1e75c8]
Event: 30.009 Thread 0x00007fcb2201e800 1380       3       java.lang.Math::round (56 bytes)
Event: 30.009 Thread 0x00007fcb2201e800 nmethod 1380 0x000000010d1e7810 code [0x000000010d1e7980, 0x000000010d1e7bb0]
Event: 30.742 Thread 0x00007fcb2201e800 1381       3       com.badlogic.gdx.graphics.g2d.BitmapFont$Glyph::getKerning (31 bytes)
Event: 30.742 Thread 0x00007fcb2201e800 nmethod 1381 0x000000010d1e7c50 code [0x000000010d1e7dc0, 0x000000010d1e7ff0]

GC Heap History (0 events):
No events

Deoptimization events (10 events):
Event: 1.600 Thread 0x00007fcb22959800 Uncommon trap: reason=class_check action=maybe_recompile pc=0x000000010cf64a80 method=com.badlogic.gdx.assets.AssetLoadingTask.handleAsyncLoader()V @ 4
Event: 1.655 Thread 0x00007fcb22959800 Uncommon trap: reason=unstable_if action=reinterpret pc=0x000000010ceba828 method=java.lang.String.replace(CC)Ljava/lang/String; @ 26
Event: 1.705 Thread 0x00007fcb22959800 Uncommon trap: reason=unstable_if action=reinterpret pc=0x000000010cfe0870 method=java.util.StringTokenizer.scanToken(I)I @ 7
Event: 1.705 Thread 0x00007fcb22959800 Uncommon trap: reason=unstable_if action=reinterpret pc=0x000000010cfc0388 method=java.util.StringTokenizer.skipDelimiters(I)I @ 29
Event: 1.713 Thread 0x00007fcb22959800 Uncommon trap: reason=unstable_if action=reinterpret pc=0x000000010cfc2430 method=java.util.StringTokenizer.scanToken(I)I @ 7
Event: 10.392 Thread 0x00007fcb22959800 Uncommon trap: reason=unstable_if action=reinterpret pc=0x000000010d0a7bbc method=com.badlogic.gdx.utils.Array.iterator()Ljava/util/Iterator; @ 4
Event: 10.392 Thread 0x00007fcb22959800 Uncommon trap: reason=unstable_if action=reinterpret pc=0x000000010d09d410 method=com.badlogic.gdx.utils.Array$ArrayIterable.iterator()Ljava/util/Iterator; @ 4
Event: 10.392 Thread 0x00007fcb22959800 Uncommon trap: reason=unstable_if action=reinterpret pc=0x000000010d08d52c method=com.badlogic.gdx.physics.box2d.Fixture.getShape()Lcom/badlogic/gdx/physics/box2d/Shape; @ 4
Event: 11.842 Thread 0x00007fcb22959800 Uncommon trap: reason=unstable_if action=reinterpret pc=0x000000010d0f6a7c method=com.badlogic.gdx.maps.tiled.renderers.OrthogonalTiledMapRenderer.renderTileLayer(Lcom/badlogic/gdx/maps/tiled/TiledMapTileLayer;)V @ 243
Event: 27.892 Thread 0x00007fcb22959800 Uncommon trap: reason=unstable_if action=reinterpret pc=0x000000010d0c7064 method=java.lang.Math.round(F)I @ 36

Internal exceptions (10 events):
Event: 0.496 Thread 0x00007fcb21003000 Exception <a 'java/security/PrivilegedActionException'> (0x000000076b31e478) thrown at [/Volumes/Android_AOSP/AOSP-openjdk/external/jetbrains/jdk/hotspot/src/share/vm/prims/jvm.cpp, line 1390]
Event: 0.496 Thread 0x00007fcb21003000 Exception <a 'java/security/PrivilegedActionException'> (0x000000076b320060) thrown at [/Volumes/Android_AOSP/AOSP-openjdk/external/jetbrains/jdk/hotspot/src/share/vm/prims/jvm.cpp, line 1390]
Event: 0.496 Thread 0x00007fcb21003000 Exception <a 'java/security/PrivilegedActionException'> (0x000000076b321180) thrown at [/Volumes/Android_AOSP/AOSP-openjdk/external/jetbrains/jdk/hotspot/src/share/vm/prims/jvm.cpp, line 1390]
Event: 0.497 Thread 0x00007fcb21003000 Exception <a 'java/security/PrivilegedActionException'> (0x000000076b3262a0) thrown at [/Volumes/Android_AOSP/AOSP-openjdk/external/jetbrains/jdk/hotspot/src/share/vm/prims/jvm.cpp, line 1390]
Event: 0.497 Thread 0x00007fcb21003000 Exception <a 'java/security/PrivilegedActionException'> (0x000000076b326ef8) thrown at [/Volumes/Android_AOSP/AOSP-openjdk/external/jetbrains/jdk/hotspot/src/share/vm/prims/jvm.cpp, line 1390]
Event: 0.497 Thread 0x00007fcb21003000 Exception <a 'java/security/PrivilegedActionException'> (0x000000076b327b20) thrown at [/Volumes/Android_AOSP/AOSP-openjdk/external/jetbrains/jdk/hotspot/src/share/vm/prims/jvm.cpp, line 1390]
Event: 10.392 Thread 0x00007fcb22959800 Implicit null exception at 0x000000010d0a7685 to 0x000000010d0a7b95
Event: 10.392 Thread 0x00007fcb22959800 Implicit null exception at 0x000000010d09d390 to 0x000000010d09d3fd
Event: 10.392 Thread 0x00007fcb22959800 Implicit null exception at 0x000000010d08aa7c to 0x000000010d08d521
Event: 11.842 Thread 0x00007fcb22959800 Implicit null exception at 0x000000010d0eff65 to 0x000000010d0f6a11

Events (10 events):
Event: 19.440 Executing VM operation: RevokeBias done
Event: 19.440 Thread 0x00007fcb22a25800 Thread exited: 0x00007fcb22a25800
Event: 19.934 Thread 0x00007fcb21219000 Thread added: 0x00007fcb21219000
Event: 20.947 Executing VM operation: RevokeBias
Event: 20.947 Executing VM operation: RevokeBias done
Event: 20.947 Thread 0x00007fcb21219000 Thread exited: 0x00007fcb21219000
Event: 21.293 Thread 0x00007fcb21219000 Thread added: 0x00007fcb21219000
Event: 27.892 Thread 0x00007fcb22959800 Uncommon trap: trap_request=0xffffff65 fr.pc=0x000000010d0c7064
Event: 27.892 Thread 0x00007fcb22959800 DEOPT PACKING pc=0x000000010d0c7064 sp=0x000070000a54e0c0
Event: 27.892 Thread 0x00007fcb22959800 DEOPT UNPACKING pc=0x000000010ccf2f69 sp=0x000070000a54e060 mode 2


Dynamic libraries:
0x0000000043901000 	/System/Library/Frameworks/Cocoa.framework/Versions/A/Cocoa
0x0000000043901000 	/System/Library/Frameworks/Security.framework/Versions/A/Security
0x0000000043901000 	/System/Library/Frameworks/ApplicationServices.framework/Versions/A/ApplicationServices
0x0000000043901000 	/usr/lib/libz.1.dylib
0x0000000043901000 	/usr/lib/libSystem.B.dylib
0x0000000043901000 	/usr/lib/libobjc.A.dylib
0x0000000043901000 	/System/Library/Frameworks/Foundation.framework/Versions/C/Foundation
0x0000000043901000 	/System/Library/Frameworks/CoreFoundation.framework/Versions/A/CoreFoundation
0x0000000043901000 	/System/Library/Frameworks/AppKit.framework/Versions/C/AppKit
0x0000000043901000 	/System/Library/Frameworks/CoreData.framework/Versions/A/CoreData
0x0000000043901000 	/System/Library/PrivateFrameworks/RemoteViewServices.framework/Versions/A/RemoteViewServices
0x0000000043901000 	/System/Library/PrivateFrameworks/UIFoundation.framework/Versions/A/UIFoundation
0x0000000043901000 	/System/Library/PrivateFrameworks/DFRFoundation.framework/Versions/A/DFRFoundation
0x0000000043901000 	/usr/lib/libenergytrace.dylib
0x0000000043901000 	/System/Library/PrivateFrameworks/SkyLight.framework/Versions/A/SkyLight
0x0000000043901000 	/System/Library/Frameworks/CoreGraphics.framework/Versions/A/CoreGraphics
0x0000000043901000 	/usr/lib/libScreenReader.dylib
0x0000000043901000 	/System/Library/Frameworks/Accelerate.framework/Versions/A/Accelerate
0x0000000043901000 	/System/Library/Frameworks/IOSurface.framework/Versions/A/IOSurface
0x0000000043901000 	/System/Library/Frameworks/AudioToolbox.framework/Versions/A/AudioToolbox
0x0000000043901000 	/System/Library/Frameworks/AudioUnit.framework/Versions/A/AudioUnit
0x0000000043901000 	/System/Library/PrivateFrameworks/DataDetectorsCore.framework/Versions/A/DataDetectorsCore
0x0000000043901000 	/System/Library/PrivateFrameworks/DesktopServicesPriv.framework/Versions/A/DesktopServicesPriv
0x0000000043901000 	/System/Library/Frameworks/Carbon.framework/Versions/A/Frameworks/HIToolbox.framework/Versions/A/HIToolbox
0x0000000043901000 	/usr/lib/libicucore.A.dylib
0x0000000043901000 	/System/Library/Frameworks/QuartzCore.framework/Versions/A/QuartzCore
0x0000000043901000 	/System/Library/Frameworks/Carbon.framework/Versions/A/Frameworks/SpeechRecognition.framework/Versions/A/SpeechRecognition
0x0000000043901000 	/usr/lib/libauto.dylib
0x0000000043901000 	/usr/lib/libxml2.2.dylib
0x0000000043901000 	/System/Library/PrivateFrameworks/CoreUI.framework/Versions/A/CoreUI
0x0000000043901000 	/System/Library/Frameworks/CoreAudio.framework/Versions/A/CoreAudio
0x0000000043901000 	/System/Library/Frameworks/DiskArbitration.framework/Versions/A/DiskArbitration
0x0000000043901000 	/usr/lib/liblangid.dylib
0x0000000043901000 	/System/Library/PrivateFrameworks/MultitouchSupport.framework/Versions/A/MultitouchSupport
0x0000000043901000 	/System/Library/Frameworks/IOKit.framework/Versions/A/IOKit
0x0000000043901000 	/usr/lib/libDiagnosticMessagesClient.dylib
0x0000000043901000 	/System/Library/Frameworks/CoreServices.framework/Versions/A/CoreServices
0x0000000043901000 	/System/Library/PrivateFrameworks/PerformanceAnalysis.framework/Versions/A/PerformanceAnalysis
0x0000000043901000 	/System/Library/PrivateFrameworks/GenerationalStorage.framework/Versions/A/GenerationalStorage
0x0000000043901000 	/System/Library/Frameworks/OpenGL.framework/Versions/A/OpenGL
0x0000000043901000 	/System/Library/Frameworks/CoreImage.framework/Versions/A/CoreImage
0x0000000043901000 	/System/Library/Frameworks/CoreText.framework/Versions/A/CoreText
0x0000000043901000 	/System/Library/Frameworks/ImageIO.framework/Versions/A/ImageIO
0x0000000043901000 	/System/Library/PrivateFrameworks/Backup.framework/Versions/A/Backup
0x0000000043901000 	/usr/lib/libarchive.2.dylib
0x0000000043901000 	/System/Library/Frameworks/CFNetwork.framework/Versions/A/CFNetwork
0x0000000043901000 	/System/Library/Frameworks/SystemConfiguration.framework/Versions/A/SystemConfiguration
0x0000000043901000 	/usr/lib/libCRFSuite.dylib
0x0000000043901000 	/usr/lib/libc++.1.dylib
0x0000000043901000 	/usr/lib/libc++abi.dylib
0x0000000043901000 	/usr/lib/system/libcache.dylib
0x0000000043901000 	/usr/lib/system/libcommonCrypto.dylib
0x0000000043901000 	/usr/lib/system/libcompiler_rt.dylib
0x0000000043901000 	/usr/lib/system/libcopyfile.dylib
0x0000000043901000 	/usr/lib/system/libcorecrypto.dylib
0x0000000043901000 	/usr/lib/system/libdispatch.dylib
0x0000000043901000 	/usr/lib/system/libdyld.dylib
0x0000000043901000 	/usr/lib/system/libkeymgr.dylib
0x0000000043901000 	/usr/lib/system/liblaunch.dylib
0x0000000043901000 	/usr/lib/system/libmacho.dylib
0x0000000043901000 	/usr/lib/system/libquarantine.dylib
0x0000000043901000 	/usr/lib/system/libremovefile.dylib
0x0000000043901000 	/usr/lib/system/libsystem_asl.dylib
0x0000000043901000 	/usr/lib/system/libsystem_blocks.dylib
0x0000000043901000 	/usr/lib/system/libsystem_c.dylib
0x0000000043901000 	/usr/lib/system/libsystem_configuration.dylib
0x0000000043901000 	/usr/lib/system/libsystem_coreservices.dylib
0x0000000043901000 	/usr/lib/system/libsystem_coretls.dylib
0x0000000043901000 	/usr/lib/system/libsystem_dnssd.dylib
0x0000000043901000 	/usr/lib/system/libsystem_info.dylib
0x0000000043901000 	/usr/lib/system/libsystem_kernel.dylib
0x0000000043901000 	/usr/lib/system/libsystem_m.dylib
0x0000000043901000 	/usr/lib/system/libsystem_malloc.dylib
0x0000000043901000 	/usr/lib/system/libsystem_network.dylib
0x0000000043901000 	/usr/lib/system/libsystem_networkextension.dylib
0x0000000043901000 	/usr/lib/system/libsystem_notify.dylib
0x0000000043901000 	/usr/lib/system/libsystem_platform.dylib
0x0000000043901000 	/usr/lib/system/libsystem_pthread.dylib
0x0000000043901000 	/usr/lib/system/libsystem_sandbox.dylib
0x0000000043901000 	/usr/lib/system/libsystem_secinit.dylib
0x0000000043901000 	/usr/lib/system/libsystem_symptoms.dylib
0x0000000043901000 	/usr/lib/system/libsystem_trace.dylib
0x0000000043901000 	/usr/lib/system/libunwind.dylib
0x0000000043901000 	/usr/lib/system/libxpc.dylib
0x0000000043901000 	/usr/lib/libbsm.0.dylib
0x0000000043901000 	/usr/lib/system/libkxld.dylib
0x0000000043901000 	/usr/lib/libcoretls.dylib
0x0000000043901000 	/usr/lib/libcoretls_cfhelpers.dylib
0x0000000043901000 	/usr/lib/libOpenScriptingUtil.dylib
0x0000000043901000 	/usr/lib/libpam.2.dylib
0x0000000043901000 	/usr/lib/libsqlite3.dylib
0x0000000043901000 	/usr/lib/libxar.1.dylib
0x0000000043901000 	/usr/lib/libbz2.1.0.dylib
0x0000000043901000 	/usr/lib/liblzma.5.dylib
0x0000000043901000 	/usr/lib/libnetwork.dylib
0x0000000043901000 	/usr/lib/libpcap.A.dylib
0x0000000043901000 	/System/Library/Frameworks/CoreServices.framework/Versions/A/Frameworks/FSEvents.framework/Versions/A/FSEvents
0x0000000043901000 	/System/Library/Frameworks/CoreServices.framework/Versions/A/Frameworks/CarbonCore.framework/Versions/A/CarbonCore
0x0000000043901000 	/System/Library/Frameworks/CoreServices.framework/Versions/A/Frameworks/Metadata.framework/Versions/A/Metadata
0x0000000043901000 	/System/Library/Frameworks/CoreServices.framework/Versions/A/Frameworks/OSServices.framework/Versions/A/OSServices
0x0000000043901000 	/System/Library/Frameworks/CoreServices.framework/Versions/A/Frameworks/SearchKit.framework/Versions/A/SearchKit
0x0000000043901000 	/System/Library/Frameworks/CoreServices.framework/Versions/A/Frameworks/AE.framework/Versions/A/AE
0x0000000043901000 	/System/Library/Frameworks/CoreServices.framework/Versions/A/Frameworks/LaunchServices.framework/Versions/A/LaunchServices
0x0000000043901000 	/System/Library/Frameworks/CoreServices.framework/Versions/A/Frameworks/DictionaryServices.framework/Versions/A/DictionaryServices
0x0000000043901000 	/System/Library/Frameworks/CoreServices.framework/Versions/A/Frameworks/SharedFileList.framework/Versions/A/SharedFileList
0x0000000043901000 	/System/Library/Frameworks/NetFS.framework/Versions/A/NetFS
0x0000000043901000 	/System/Library/PrivateFrameworks/NetAuth.framework/Versions/A/NetAuth
0x0000000043901000 	/System/Library/PrivateFrameworks/login.framework/Versions/A/Frameworks/loginsupport.framework/Versions/A/loginsupport
0x0000000043901000 	/System/Library/PrivateFrameworks/TCC.framework/Versions/A/TCC
0x0000000043901000 	/usr/lib/libmecabra.dylib
0x0000000043901000 	/System/Library/Frameworks/ApplicationServices.framework/Versions/A/Frameworks/ATS.framework/Versions/A/ATS
0x0000000043901000 	/System/Library/Frameworks/ApplicationServices.framework/Versions/A/Frameworks/ColorSync.framework/Versions/A/ColorSync
0x0000000043901000 	/System/Library/Frameworks/ApplicationServices.framework/Versions/A/Frameworks/HIServices.framework/Versions/A/HIServices
0x0000000043901000 	/System/Library/Frameworks/ApplicationServices.framework/Versions/A/Frameworks/LangAnalysis.framework/Versions/A/LangAnalysis
0x0000000043901000 	/System/Library/Frameworks/ApplicationServices.framework/Versions/A/Frameworks/PrintCore.framework/Versions/A/PrintCore
0x0000000043901000 	/System/Library/Frameworks/ApplicationServices.framework/Versions/A/Frameworks/QD.framework/Versions/A/QD
0x0000000043901000 	/System/Library/Frameworks/ApplicationServices.framework/Versions/A/Frameworks/SpeechSynthesis.framework/Versions/A/SpeechSynthesis
0x0000000043901000 	/System/Library/Frameworks/Accelerate.framework/Versions/A/Frameworks/vImage.framework/Versions/A/vImage
0x0000000043901000 	/System/Library/Frameworks/Accelerate.framework/Versions/A/Frameworks/vecLib.framework/Versions/A/vecLib
0x0000000043901000 	/System/Library/Frameworks/Accelerate.framework/Versions/A/Frameworks/vecLib.framework/Versions/A/libvDSP.dylib
0x0000000043901000 	/System/Library/Frameworks/Accelerate.framework/Versions/A/Frameworks/vecLib.framework/Versions/A/libBNNS.dylib
0x0000000043901000 	/System/Library/Frameworks/Accelerate.framework/Versions/A/Frameworks/vecLib.framework/Versions/A/libQuadrature.dylib
0x0000000043901000 	/System/Library/Frameworks/Accelerate.framework/Versions/A/Frameworks/vecLib.framework/Versions/A/libvMisc.dylib
0x0000000043901000 	/System/Library/Frameworks/Accelerate.framework/Versions/A/Frameworks/vecLib.framework/Versions/A/libLAPACK.dylib
0x0000000043901000 	/System/Library/Frameworks/Accelerate.framework/Versions/A/Frameworks/vecLib.framework/Versions/A/libBLAS.dylib
0x0000000043901000 	/System/Library/Frameworks/Accelerate.framework/Versions/A/Frameworks/vecLib.framework/Versions/A/libLinearAlgebra.dylib
0x0000000043901000 	/System/Library/Frameworks/Accelerate.framework/Versions/A/Frameworks/vecLib.framework/Versions/A/libSparseBLAS.dylib
0x0000000043901000 	/System/Library/Frameworks/ApplicationServices.framework/Versions/A/Frameworks/ATS.framework/Versions/A/Resources/libFontParser.dylib
0x0000000043901000 	/System/Library/Frameworks/ApplicationServices.framework/Versions/A/Frameworks/ATS.framework/Versions/A/Resources/libFontRegistry.dylib
0x0000000043901000 	/System/Library/Frameworks/ImageIO.framework/Versions/A/Resources/libJPEG.dylib
0x0000000043901000 	/System/Library/Frameworks/ImageIO.framework/Versions/A/Resources/libTIFF.dylib
0x0000000043901000 	/System/Library/Frameworks/ImageIO.framework/Versions/A/Resources/libPng.dylib
0x0000000043901000 	/System/Library/Frameworks/ImageIO.framework/Versions/A/Resources/libGIF.dylib
0x0000000043901000 	/System/Library/Frameworks/ImageIO.framework/Versions/A/Resources/libJP2.dylib
0x0000000043901000 	/System/Library/Frameworks/ImageIO.framework/Versions/A/Resources/libRadiance.dylib
0x0000000043901000 	/usr/lib/libcompression.dylib
0x0000000043901000 	/System/Library/PrivateFrameworks/AppleJPEG.framework/Versions/A/AppleJPEG
0x0000000043901000 	/usr/lib/libcups.2.dylib
0x0000000043901000 	/System/Library/Frameworks/Kerberos.framework/Versions/A/Kerberos
0x0000000043901000 	/System/Library/Frameworks/GSS.framework/Versions/A/GSS
0x0000000043901000 	/usr/lib/libresolv.9.dylib
0x0000000043901000 	/usr/lib/libiconv.2.dylib
0x0000000043901000 	/System/Library/PrivateFrameworks/Heimdal.framework/Versions/A/Heimdal
0x0000000043901000 	/usr/lib/libheimdal-asn1.dylib
0x0000000043901000 	/System/Library/Frameworks/OpenDirectory.framework/Versions/A/OpenDirectory
0x0000000043901000 	/System/Library/PrivateFrameworks/CommonAuth.framework/Versions/A/CommonAuth
0x0000000043901000 	/System/Library/Frameworks/OpenDirectory.framework/Versions/A/Frameworks/CFOpenDirectory.framework/Versions/A/CFOpenDirectory
0x0000000043901000 	/System/Library/Frameworks/SecurityFoundation.framework/Versions/A/SecurityFoundation
0x0000000043901000 	/System/Library/PrivateFrameworks/LanguageModeling.framework/Versions/A/LanguageModeling
0x0000000043901000 	/usr/lib/libmarisa.dylib
0x0000000043901000 	/usr/lib/libChineseTokenizer.dylib
0x0000000043901000 	/usr/lib/libcmph.dylib
0x0000000043901000 	/System/Library/PrivateFrameworks/CoreEmoji.framework/Versions/A/CoreEmoji
0x0000000043901000 	/System/Library/Frameworks/ServiceManagement.framework/Versions/A/ServiceManagement
0x0000000043901000 	/usr/lib/libxslt.1.dylib
0x0000000043901000 	/System/Library/Frameworks/Carbon.framework/Versions/A/Frameworks/Ink.framework/Versions/A/Ink
0x0000000043901000 	/System/Library/PrivateFrameworks/TextureIO.framework/Versions/A/TextureIO
0x0000000043901000 	/System/Library/Frameworks/Metal.framework/Versions/A/Metal
0x0000000043901000 	/usr/lib/libate.dylib
0x0000000043901000 	/System/Library/PrivateFrameworks/GPUCompiler.framework/libmetal_timestamp.dylib
0x0000000043901000 	/System/Library/Frameworks/OpenGL.framework/Versions/A/Libraries/libCoreFSCache.dylib
0x0000000043901000 	/System/Library/PrivateFrameworks/IOAccelerator.framework/Versions/A/IOAccelerator
0x0000000043901000 	/System/Library/Frameworks/CoreVideo.framework/Versions/A/CoreVideo
0x0000000043901000 	/usr/lib/libFosl_dynamic.dylib
0x0000000043901000 	/System/Library/PrivateFrameworks/MetalPerformanceShaders.framework/Versions/A/MetalPerformanceShaders
0x0000000043901000 	/System/Library/PrivateFrameworks/FaceCore.framework/Versions/A/FaceCore
0x0000000043901000 	/System/Library/Frameworks/OpenCL.framework/Versions/A/OpenCL
0x0000000043901000 	/System/Library/Frameworks/OpenGL.framework/Versions/A/Libraries/libGLU.dylib
0x0000000043901000 	/System/Library/Frameworks/OpenGL.framework/Versions/A/Libraries/libGFXShared.dylib
0x0000000043901000 	/System/Library/Frameworks/OpenGL.framework/Versions/A/Libraries/libGL.dylib
0x0000000043901000 	/System/Library/Frameworks/OpenGL.framework/Versions/A/Libraries/libGLImage.dylib
0x0000000043901000 	/System/Library/Frameworks/OpenGL.framework/Versions/A/Libraries/libCVMSPluginSupport.dylib
0x0000000043901000 	/System/Library/Frameworks/OpenGL.framework/Versions/A/Libraries/libCoreVMClient.dylib
0x0000000043901000 	/System/Library/PrivateFrameworks/CrashReporterSupport.framework/Versions/A/CrashReporterSupport
0x0000000043901000 	/System/Library/PrivateFrameworks/Sharing.framework/Versions/A/Sharing
0x0000000043901000 	/System/Library/PrivateFrameworks/IconServices.framework/Versions/A/IconServices
0x0000000043901000 	/System/Library/PrivateFrameworks/ProtocolBuffer.framework/Versions/A/ProtocolBuffer
0x0000000043901000 	/System/Library/PrivateFrameworks/Apple80211.framework/Versions/A/Apple80211
0x0000000043901000 	/System/Library/Frameworks/CoreWLAN.framework/Versions/A/CoreWLAN
0x0000000043901000 	/System/Library/PrivateFrameworks/CoreUtils.framework/Versions/A/CoreUtils
0x0000000043901000 	/System/Library/Frameworks/IOBluetooth.framework/Versions/A/IOBluetooth
0x0000000043901000 	/System/Library/PrivateFrameworks/CoreWiFi.framework/Versions/A/CoreWiFi
0x0000000043901000 	/System/Library/Frameworks/CoreBluetooth.framework/Versions/A/CoreBluetooth
0x0000000043901000 	/System/Library/Frameworks/CoreDisplay.framework/Versions/A/CoreDisplay
0x0000000043901000 	/System/Library/PrivateFrameworks/IOPresentment.framework/Versions/A/IOPresentment
0x0000000043901000 	/System/Library/PrivateFrameworks/DSExternalDisplay.framework/Versions/A/DSExternalDisplay
0x0000000043901000 	/System/Library/PrivateFrameworks/DebugSymbols.framework/Versions/A/DebugSymbols
0x0000000043901000 	/System/Library/PrivateFrameworks/CoreSymbolication.framework/Versions/A/CoreSymbolication
0x0000000043901000 	/System/Library/PrivateFrameworks/Symbolication.framework/Versions/A/Symbolication
0x0000000043901000 	/System/Library/PrivateFrameworks/AppleFSCompression.framework/Versions/A/AppleFSCompression
0x0000000043901000 	/System/Library/PrivateFrameworks/SpeechRecognitionCore.framework/Versions/A/SpeechRecognitionCore
0x0000000043901000 	/System/Library/PrivateFrameworks/ChunkingLibrary.framework/Versions/A/ChunkingLibrary
0x0000000108200000 	/Applications/Android Studio.app/Contents/jre/jdk/Contents/Home/jre/lib/server/libjvm.dylib
0x0000000108cf6000 	/usr/lib/libstdc++.6.dylib
0x0000000107170000 	/Applications/Android Studio.app/Contents/jre/jdk/Contents/Home/jre/lib/libverify.dylib
0x000000010717d000 	/Applications/Android Studio.app/Contents/jre/jdk/Contents/Home/jre/lib/libjava.dylib
0x00000001071bc000 	/Applications/Android Studio.app/Contents/jre/jdk/Contents/Home/jre/lib/libzip.dylib
0x000000010cc32000 	/System/Library/Frameworks/JavaVM.framework/Frameworks/JavaRuntimeSupport.framework/JavaRuntimeSupport
0x000000010cc4c000 	/System/Library/Frameworks/JavaVM.framework/Versions/A/Frameworks/JavaNativeFoundation.framework/Versions/A/JavaNativeFoundation
0x00000001071ee000 	/System/Library/Frameworks/JavaVM.framework/Versions/A/JavaVM
0x0000000043901000 	/System/Library/Frameworks/Carbon.framework/Versions/A/Carbon
0x0000000123eee000 	/System/Library/PrivateFrameworks/JavaLaunching.framework/Versions/A/JavaLaunching
0x0000000043901000 	/System/Library/Frameworks/Carbon.framework/Versions/A/Frameworks/CommonPanels.framework/Versions/A/CommonPanels
0x0000000043901000 	/System/Library/Frameworks/Carbon.framework/Versions/A/Frameworks/Help.framework/Versions/A/Help
0x0000000043901000 	/System/Library/Frameworks/Carbon.framework/Versions/A/Frameworks/ImageCapture.framework/Versions/A/ImageCapture
0x0000000043901000 	/System/Library/Frameworks/Carbon.framework/Versions/A/Frameworks/OpenScripting.framework/Versions/A/OpenScripting
0x0000000043901000 	/System/Library/Frameworks/Carbon.framework/Versions/A/Frameworks/Print.framework/Versions/A/Print
0x0000000043901000 	/System/Library/Frameworks/Carbon.framework/Versions/A/Frameworks/SecurityHI.framework/Versions/A/SecurityHI
0x0000000125950000 	/Applications/Android Studio.app/Contents/bin/libbreakgen64.jnilib
0x0000000125953000 	/Applications/Android Studio.app/Contents/jre/jdk/Contents/Home/jre/lib/libnet.dylib
0x00000001259b2000 	/private/var/folders/3w/dxbkwtlx42n8nfdgg3l362qr0000gn/T/libgdxinehemias/6e213a1/libgdx64.dylib
0x00000001259fd000 	/Applications/Android Studio.app/Contents/jre/jdk/Contents/Home/jre/lib/libawt.dylib
0x0000000125aa5000 	/Applications/Android Studio.app/Contents/jre/jdk/Contents/Home/jre/lib/./libmlib_image.dylib
0x0000000125b71000 	/Applications/Android Studio.app/Contents/jre/jdk/Contents/Home/jre/lib/libawt_lwawt.dylib
0x0000000125c29000 	/Applications/Android Studio.app/Contents/jre/jdk/Contents/Home/jre/lib/./libosxapp.dylib
0x0000000043901000 	/System/Library/Frameworks/ExceptionHandling.framework/Versions/A/ExceptionHandling
0x0000000043901000 	/System/Library/PrivateFrameworks/CoreServicesInternal.framework/Versions/A/CoreServicesInternal
0x0000000043901000 	/System/Library/CoreServices/RawCamera.bundle/Contents/MacOS/RawCamera
0x0000000125fb1000 	/System/Library/Frameworks/Accelerate.framework/Frameworks/vImage.framework/Versions/A/Libraries/libCGInterfaces.dylib
0x0000000043901000 	/System/Library/Frameworks/ApplicationServices.framework/Versions/A/Frameworks/ATS.framework/Versions/A/Resources/libTrueTypeScaler.dylib
0x0000000127b07000 	/System/Library/Frameworks/OpenGL.framework/Resources/GLEngine.bundle/GLEngine
0x0000000043901000 	/System/Library/Frameworks/OpenGL.framework/Versions/A/Libraries/libGLProgrammability.dylib
0x0000000127cec000 	/System/Library/Extensions/AppleIntelSKLGraphicsGLDriver.bundle/Contents/MacOS/AppleIntelSKLGraphicsGLDriver
0x0000000043901000 	/System/Library/PrivateFrameworks/GPUSupport.framework/Versions/A/Libraries/libGPUSupportMercury.dylib
0x0000000128a7a000 	/System/Library/Extensions/AMDRadeonX4000GLDriver.bundle/Contents/MacOS/AMDRadeonX4000GLDriver
0x0000000128b5a000 	/System/Library/Extensions/AMDRadeonX4000GLDriver.bundle/Contents/MacOS/ATIRadeonX4000SCLib.dylib
0x0000000129137000 	/System/Library/Frameworks/OpenGL.framework/Resources//GLRendererFloat.bundle/GLRendererFloat
0x0000000043901000 	/System/Library/Frameworks/OpenCL.framework/Versions/A/Libraries/libcldcpuengine.dylib
0x0000000043901000 	/usr/lib/libcrypto.0.9.8.dylib
0x0000000043901000 	/System/Library/PrivateFrameworks/TrustEvaluationAgent.framework/Versions/A/TrustEvaluationAgent
0x0000000043901000 	/System/Library/Extensions/AMDMTLBronzeDriver.bundle/Contents/MacOS/AMDMTLBronzeDriver
0x0000000043901000 	/System/Library/PrivateFrameworks/IOAccelMemoryInfo.framework/Versions/A/IOAccelMemoryInfo
0x0000000129189000 	/System/Library/Extensions/AppleIntelSKLGraphicsMTLDriver.bundle/Contents/MacOS/AppleIntelSKLGraphicsMTLDriver
0x0000000043901000 	/System/Library/PrivateFrameworks/FamilyControls.framework/Versions/A/FamilyControls
0x0000000043901000 	/System/Library/PrivateFrameworks/CommerceKit.framework/Versions/A/Frameworks/CommerceCore.framework/Versions/A/CommerceCore
0x0000000043901000 	/System/Library/PrivateFrameworks/SystemAdministration.framework/Versions/A/SystemAdministration
0x0000000043901000 	/System/Library/PrivateFrameworks/AppContainer.framework/Versions/A/AppContainer
0x0000000043901000 	/System/Library/PrivateFrameworks/SecCodeWrapper.framework/Versions/A/SecCodeWrapper
0x0000000043901000 	/System/Library/Frameworks/DirectoryService.framework/Versions/A/DirectoryService
0x0000000043901000 	/System/Library/PrivateFrameworks/DiskImages.framework/Versions/A/DiskImages
0x0000000043901000 	/System/Library/PrivateFrameworks/LoginUIKit.framework/Versions/A/Frameworks/LoginUICore.framework/Versions/A/LoginUICore
0x0000000043901000 	/usr/lib/libCoreStorage.dylib
0x0000000043901000 	/usr/lib/libcsfde.dylib
0x0000000043901000 	/usr/lib/libodfde.dylib
0x0000000043901000 	/System/Library/Frameworks/DiscRecording.framework/Versions/A/DiscRecording
0x0000000043901000 	/usr/lib/libcurl.4.dylib
0x0000000043901000 	/System/Library/PrivateFrameworks/MediaKit.framework/Versions/A/MediaKit
0x0000000043901000 	/System/Library/PrivateFrameworks/ProtectedCloudStorage.framework/Versions/A/ProtectedCloudStorage
0x0000000043901000 	/System/Library/PrivateFrameworks/EFILogin.framework/Versions/A/EFILogin
0x0000000043901000 	/usr/lib/libutil.dylib
0x0000000043901000 	/System/Library/Frameworks/LDAP.framework/Versions/A/LDAP
0x0000000043901000 	/usr/lib/libsasl2.2.dylib
0x0000000043901000 	/System/Library/PrivateFrameworks/CoreDaemon.framework/Versions/B/CoreDaemon
0x0000000043901000 	/System/Library/PrivateFrameworks/AppleSRP.framework/Versions/A/AppleSRP
0x0000000043901000 	/System/Library/PrivateFrameworks/APFS.framework/Versions/A/APFS
0x000000012a8e2000 	/Applications/Android Studio.app/Contents/jre/jdk/Contents/Home/jre/lib/libfontmanager.dylib
0x000000012a9d7000 	/Applications/Android Studio.app/Contents/jre/jdk/Contents/Home/jre/lib/./libfreetype.dylib.6
0x000000012aa8d000 	/private/var/folders/3w/dxbkwtlx42n8nfdgg3l362qr0000gn/T/libgdxinehemias/f7649394/liblwjgl.dylib
0x0000000126f0f000 	/Applications/Android Studio.app/Contents/jre/jdk/Contents/Home/jre/lib/libjawt.dylib
0x000000012ab0f000 	/var/folders/3w/dxbkwtlx42n8nfdgg3l362qr0000gn/T/libgdxinehemias/f7649394/openal.dylib
0x000000012ab6b000 	/System/Library/Components/CoreAudio.component/Contents/MacOS/CoreAudio
0x0000000127af9000 	/System/Library/Extensions/AppleHDA.kext/Contents/PlugIns/AppleHDAHALPlugIn.bundle/Contents/MacOS/AppleHDAHALPlugIn
0x0000000043901000 	/System/Library/PrivateFrameworks/ViewBridge.framework/Versions/A/ViewBridge
0x0000000043901000 	/System/Library/PrivateFrameworks/XPCService.framework/Versions/A/XPCService
0x0000000043901000 	/System/Library/PrivateFrameworks/AppSandbox.framework/Versions/A/AppSandbox
0x0000000043901000 	/usr/lib/libsandbox.1.dylib
0x0000000043901000 	/usr/lib/libMatch.1.dylib
0x000000012cc25000 	/private/var/folders/3w/dxbkwtlx42n8nfdgg3l362qr0000gn/T/libgdxinehemias/c9d6d90c/libgdx-box2d64.dylib

VM Arguments:
jvm_args: -Didea.launcher.port=7536 -Didea.launcher.bin.path=/Applications/Android Studio.app/Contents/bin -Dfile.encoding=UTF-8 
java_command: com.intellij.rt.execution.application.AppMain com.javasquad.game.desktop.DesktopLauncher
java_class_path (initial): /Applications/Android Studio.app/Contents/jre/jdk/Contents/Home/jre/lib/charsets.jar:/Applications/Android Studio.app/Contents/jre/jdk/Contents/Home/jre/lib/ext/cldrdata.jar:/Applications/Android Studio.app/Contents/jre/jdk/Contents/Home/jre/lib/ext/dnsns.jar:/Applications/Android Studio.app/Contents/jre/jdk/Contents/Home/jre/lib/ext/jaccess.jar:/Applications/Android Studio.app/Contents/jre/jdk/Contents/Home/jre/lib/ext/localedata.jar:/Applications/Android Studio.app/Contents/jre/jdk/Contents/Home/jre/lib/ext/nashorn.jar:/Applications/Android Studio.app/Contents/jre/jdk/Contents/Home/jre/lib/ext/sunec.jar:/Applications/Android Studio.app/Contents/jre/jdk/Contents/Home/jre/lib/ext/sunjce_provider.jar:/Applications/Android Studio.app/Contents/jre/jdk/Contents/Home/jre/lib/ext/sunpkcs11.jar:/Applications/Android Studio.app/Contents/jre/jdk/Contents/Home/jre/lib/ext/zipfs.jar:/Applications/Android Studio.app/Contents/jre/jdk/Contents/Home/jre/lib/jce.jar:/Applications/Android Studio.app/Contents/jre/jdk/Contents/Home/jre/lib/jsse.jar:/Applications/Android Studio.app/Contents/jre/jdk/Contents/Home/jre/lib/management-agent.jar:/Applications/Android Studio.app/Contents/jre/jdk/Contents/Home/jre/lib/resources.jar:/Applications/Android Studio.app/Contents/jre/jdk/Contents/Home/jre/lib/rt.jar:/Applications/Android Studio.app/Contents/jre/jdk/Contents/Home/lib/dt.jar:/Applications/Android Studio.app/Contents/jre/jdk/Contents/Home/lib/jconsole.jar:/Applications/Android Studio.app/Contents/jre/jdk/Contents/Home/lib/sa-jdi.jar:/Applications/Android Studio.app/Contents/jre/jdk/Contents/Home/lib/tools.jar:/Users/inehemias/Desktop/JavaProject/desktop/build/classes/main:/Users/inehemias/Desktop/JavaProject/core/build/classes/main:/Users/inehemias/.gradle/caches/modules-2/files-2.1/com.badlogicgames.gdx/gdx/1.9.6/47d1e9b890e364ec28f128e9bb3b9a12a94c164/gdx-1.9.6.jar:/Users/inehemias/.gradle/caches/modules-2/files-2.1/com.badlogicgames.gdx/gdx-box2d/1.9.6/c
Launcher Type: SUN_STANDARD

Environment Variables:
PATH=/usr/local/bin:/usr/bin:/bin:/usr/sbin:/sbin
SHELL=/bin/bash

Signal Handlers:
SIGSEGV: [libjvm.dylib+0x57e9cd], sa_mask[0]=11111111011111110111111111111111, sa_flags=SA_ONSTACK|SA_RESTART|SA_SIGINFO
SIGBUS: [libjvm.dylib+0x57e9cd], sa_mask[0]=11111111011111110111111111111111, sa_flags=SA_RESTART|SA_SIGINFO
SIGFPE: [libjvm.dylib+0x45951c], sa_mask[0]=11111111011111110111111111111111, sa_flags=SA_RESTART|SA_SIGINFO
SIGPIPE: [libjvm.dylib+0x45951c], sa_mask[0]=11111111011111110111111111111111, sa_flags=SA_RESTART|SA_SIGINFO
SIGXFSZ: [libjvm.dylib+0x45951c], sa_mask[0]=11111111011111110111111111111111, sa_flags=SA_RESTART|SA_SIGINFO
SIGILL: [libjvm.dylib+0x45951c], sa_mask[0]=11111111011111110111111111111111, sa_flags=SA_RESTART|SA_SIGINFO
SIGUSR1: SIG_DFL, sa_mask[0]=00000000000000000000000000000000, sa_flags=none
SIGUSR2: [libjvm.dylib+0x45903a], sa_mask[0]=00100000000000000000000000000000, sa_flags=SA_RESTART|SA_SIGINFO
SIGHUP: [libjvm.dylib+0x457611], sa_mask[0]=11111111011111110111111111111111, sa_flags=SA_RESTART|SA_SIGINFO
SIGINT: [libjvm.dylib+0x457611], sa_mask[0]=11111111011111110111111111111111, sa_flags=SA_RESTART|SA_SIGINFO
SIGTERM: [libjvm.dylib+0x457611], sa_mask[0]=11111111011111110111111111111111, sa_flags=SA_RESTART|SA_SIGINFO
SIGQUIT: [libjvm.dylib+0x457611], sa_mask[0]=11111111011111110111111111111111, sa_flags=SA_RESTART|SA_SIGINFO


---------------  S Y S T E M  ---------------

OS:Bsduname:Darwin 16.5.0 Darwin Kernel Version 16.5.0: Fri Mar  3 16:52:33 PST 2017; root:xnu-3789.51.2~3/RELEASE_X86_64 x86_64
rlimit: STACK 8192k, CORE 0k, NPROC 709, NOFILE 10240, AS infinity
load average:1.63 2.29 2.17

CPU:total 8 (4 cores per cpu, 2 threads per core) family 6 model 94 stepping 3, cmov, cx8, fxsr, mmx, sse, sse2, sse3, ssse3, sse4.1, sse4.2, popcnt, avx, avx2, aes, clmul, erms, rtm, 3dnowpref, lzcnt, ht, tsc, tscinvbit, bmi1, bmi2, adx

Memory: 4k page, physical 16777216k(1213552k free)

/proc/meminfo:


vm_info: OpenJDK 64-Bit Server VM (25.112-b06) for bsd-amd64 JRE (1.8.0_112-release-b06), built on Dec  6 2016 12:18:58 by "builder" with gcc 4.2.1 (Based on Apple Inc. build 5658) (LLVM build 2336.11.00)

time: Tue May  2 14:13:40 2017
elapsed time: 30 seconds (0d 0h 0m 30s)

